<?xml version="1.0" encoding="UTF-8"?>
<!-- Generated by org.testng.reporters.JUnitReportReporter -->
<testsuite skipped="0" hostname="tomi-Inspiron-N5010" name="testngtestcases.TestNGTestCase1" tests="1" failures="0" timestamp="30 Aug 2017 19:35:33 GMT" time="4.439" errors="0">
  <testcase name="CheckTitleAndLogo" time="4.439" classname="testngtestcases.TestNGTestCase1"/>
</testsuite> <!-- testngtestcases.TestNGTestCase1 -->
