<?xml version="1.0" encoding="UTF-8"?>
<!-- Generated by org.testng.reporters.JUnitReportReporter -->
<testsuite skipped="0" hostname="tomi-Inspiron-N5010" name="testngtestcases.TestNGTestCase2" tests="1" failures="0" timestamp="30 Aug 2017 19:35:33 GMT" time="5.092" errors="0">
  <testcase name="TestFormPageSubmit" time="5.092" classname="testngtestcases.TestNGTestCase2"/>
</testsuite> <!-- testngtestcases.TestNGTestCase2 -->
