<?xml version="1.0" encoding="UTF-8"?>
<!-- Generated by org.testng.reporters.JUnitReportReporter -->
<testsuite skipped="0" hostname="tomi-Inspiron-N5010" name="testngtestcases.TestNGTestCase3" tests="1" failures="0" timestamp="30 Aug 2017 19:35:33 GMT" time="2.631" errors="0">
  <testcase name="CheckFormPage" time="2.631" classname="testngtestcases.TestNGTestCase3"/>
</testsuite> <!-- testngtestcases.TestNGTestCase3 -->
