<?xml version="1.0" encoding="UTF-8"?>
<!-- Generated by org.testng.reporters.JUnitReportReporter -->
<testsuite skipped="0" hostname="tomi-Inspiron-N5010" name="testngtestcases.TestNGTestCase5" tests="1" failures="0" timestamp="30 Aug 2017 19:35:33 GMT" time="2.774" errors="0">
  <testcase name="CheckErrorPage" time="2.774" classname="testngtestcases.TestNGTestCase5"/>
</testsuite> <!-- testngtestcases.TestNGTestCase5 -->
